<?xml version="1.0" encoding="UTF-8"?>
<!-- Generated by org.testng.reporters.JUnitReportReporter -->
<testsuite skipped="0" hostname="DESKTOP-JN4N696" name="com.durgasoft.ecommerce.homePage.TC001_CustomerRegistration" tests="1" failures="0" timestamp="22 Apr 2019 08:55:45 GMT" time="25.457" errors="0">
  <testcase name="customerRegistration" time="25.457" classname="com.durgasoft.ecommerce.homePage.TC001_CustomerRegistration"/>
</testsuite> <!-- com.durgasoft.ecommerce.homePage.TC001_CustomerRegistration -->
